<?xml version="1.0" encoding="UTF-8"?>
<testsuite xmlns:xsi="http://www.w3.org/2001/XMLSchema-instance" xsi:noNamespaceSchemaLocation="https://maven.apache.org/surefire/maven-surefire-plugin/xsd/surefire-test-report.xsd" version="3.0.2" name="com.example.bankcards.service.CardServiceTest" time="1.866" tests="21" errors="0" skipped="0" failures="0">
  <properties>
[...]
</properties>
  <testcase name="testTransferMoney_SameCard" classname="com.example.bankcards.service.CardServiceTest" time="1.657">
    <system-err><![CDATA[Mockito is currently self-attaching to enable the inline-mock-maker. This will no longer work in future releases of the JDK. Please add Mockito as an agent to your build as described in Mockito's documentation: https://javadoc.io/doc/org.mockito/mockito-core/latest/org.mockito/org/mockito/Mockito.html#0.3
WARNING: A Java agent has been loaded dynamically (/Users/macbookpro/.m2/repository/net/bytebuddy/byte-buddy-agent/1.17.7/byte-buddy-agent-1.17.7.jar)
WARNING: If a serviceability tool is in use, please run with -XX:+EnableDynamicAgentLoading to hide this warning
WARNING: If a serviceability tool is not in use, please run with -Djdk.instrument.traceUsage for more information
WARNING: Dynamic loading of agents will be disallowed by default in a future release
]]></system-err>
  </testcase>
  <testcase name="testTransferMoney_BlockedCard" classname="com.example.bankcards.service.CardServiceTest" time="0.01"/>
  <testcase name="testFillCard_NegativeAmount" classname="com.example.bankcards.service.CardServiceTest" time="0.01"/>
  <testcase name="testGetMyCards_Success" classname="com.example.bankcards.service.CardServiceTest" time="0.011"/>
  <testcase name="testTransferMoney_NegativeAmount" classname="com.example.bankcards.service.CardServiceTest" time="0.013"/>
  <testcase name="testGetCard_CardNotFound" classname="com.example.bankcards.service.CardServiceTest" time="0.008"/>
  <testcase name="testDeleteCard_Success" classname="com.example.bankcards.service.CardServiceTest" time="0.007"/>
  <testcase name="testGetMyCards_EmptyList" classname="com.example.bankcards.service.CardServiceTest" time="0.005"/>
  <testcase name="testGetCard_Success" classname="com.example.bankcards.service.CardServiceTest" time="0.005"/>
  <testcase name="testUpdateCard_Success" classname="com.example.bankcards.service.CardServiceTest" time="0.009"/>
  <testcase name="testFillCard_Success" classname="com.example.bankcards.service.CardServiceTest" time="0.008"/>
  <testcase name="testAddCard_Success" classname="com.example.bankcards.service.CardServiceTest" time="0.007"/>
  <testcase name="testAddCard_UserNotFound" classname="com.example.bankcards.service.CardServiceTest" time="0.006"/>
  <testcase name="testGetAllCards_Success" classname="com.example.bankcards.service.CardServiceTest" time="0.009"/>
  <testcase name="testGetMyCards_NotAuthenticated" classname="com.example.bankcards.service.CardServiceTest" time="0.004"/>
  <testcase name="testTransferMoney_ExpiredCard" classname="com.example.bankcards.service.CardServiceTest" time="0.006"/>
  <testcase name="testTransferMoney_InsufficientBalance" classname="com.example.bankcards.service.CardServiceTest" time="0.005"/>
  <testcase name="testAddCard_CardAlreadyExists" classname="com.example.bankcards.service.CardServiceTest" time="0.005"/>
  <testcase name="testChangeCardStatus_Success" classname="com.example.bankcards.service.CardServiceTest" time="0.004"/>
  <testcase name="testTransferMoney_Success" classname="com.example.bankcards.service.CardServiceTest" time="0.017"/>
  <testcase name="testGetBalance_Success" classname="com.example.bankcards.service.CardServiceTest" time="0.005"/>
</testsuite>